2020-03-20 01:23:05,328  INFO [main] SharedSD:21 - ******************************
2020-03-20 01:23:05,331  INFO [main] SharedSD:22 - Test setup!
2020-03-20 01:23:09,740 ERROR [main] SharedSD:34 - Test failed!
2020-03-20 01:23:48,674  INFO [main] SharedSD:21 - ******************************
2020-03-20 01:23:48,678  INFO [main] SharedSD:22 - Test setup!
2020-03-20 01:23:59,816  INFO [main] SharedSD:38 - Cleanup!
2020-03-20 01:23:59,816  INFO [main] SharedSD:39 - Test completed!
2020-03-20 01:23:59,817  INFO [main] SharedSD:41 - ##############################
2020-03-20 01:27:35,038  INFO [main] SharedSD:21 - ******************************
2020-03-20 01:27:35,041  INFO [main] SharedSD:22 - Test setup!
2020-03-20 01:27:39,876  INFO [main] SharedSD:38 - Cleanup!
2020-03-20 01:27:39,876  INFO [main] SharedSD:39 - Test completed!
2020-03-20 01:27:39,876  INFO [main] SharedSD:41 - ********************************
2020-03-20 01:32:02,934  INFO [main] SharedSD:21 - ******************************
2020-03-20 01:32:02,938  INFO [main] SharedSD:22 - Test setup!
2020-03-20 01:32:07,434 ERROR [main] SharedSD:34 - Test failed!
2020-03-20 01:33:56,782  INFO [main] SharedSD:21 - ******************************
2020-03-20 01:33:56,787  INFO [main] SharedSD:22 - Test setup!
2020-03-20 01:34:06,231 ERROR [main] SharedSD:34 - Test failed!
2020-03-20 01:34:06,800  INFO [main] SharedSD:41 - ********************************
2020-03-20 01:36:41,836  INFO [main] SharedSD:21 - ******************************
2020-03-20 01:36:41,840  INFO [main] SharedSD:22 - Test setup!
2020-03-20 01:36:50,562 ERROR [main] SharedSD:34 - Test failed!
2020-03-20 01:36:51,119  INFO [main] SharedSD:41 - ********************************
2020-03-20 01:39:07,258  INFO [main] SharedSD:21 - ******************************
2020-03-20 01:39:07,262  INFO [main] SharedSD:22 - Test setup!
2020-03-20 01:39:19,064 ERROR [main] SharedSD:34 - Test failed!
2020-03-20 01:39:19,649  INFO [main] SharedSD:41 - ********************************
2020-03-20 01:40:41,069  INFO [main] SharedSD:21 - ******************************
2020-03-20 01:40:41,072  INFO [main] SharedSD:22 - Test setup!
2020-03-20 01:41:01,135 ERROR [main] SharedSD:34 - Test failed!
2020-03-20 01:41:01,667  INFO [main] SharedSD:41 - ********************************
2020-03-20 01:43:40,246  INFO [main] SharedSD:22 - ******************************
2020-03-20 01:43:40,249  INFO [main] SharedSD:23 - Test setup!
2020-03-20 01:43:44,154 ERROR [main] SharedSD:35 - Test failed!
2020-03-20 01:44:44,237  INFO [main] SharedSD:22 - ******************************
2020-03-20 01:44:44,240  INFO [main] SharedSD:23 - Test setup!
2020-03-20 01:44:51,979 ERROR [main] SharedSD:35 - Test failed!
2020-03-20 01:44:52,533  INFO [main] SharedSD:43 - ********************************
2020-03-20 02:02:47,410  INFO [main] SharedSD:22 - ******************************
2020-03-20 02:02:47,414  INFO [main] SharedSD:23 - Test setup!
2020-03-20 02:02:56,849  INFO [main] SharedSD:40 - Cleanup!
2020-03-20 02:02:56,849  INFO [main] SharedSD:41 - Test completed!
2020-03-20 02:02:56,849  INFO [main] SharedSD:43 - ********************************
2020-03-20 02:11:18,118  INFO [main] SharedSD:22 - ******************************
2020-03-20 02:11:18,121  INFO [main] SharedSD:23 - Test setup!
2020-03-20 02:11:28,573  INFO [main] SharedSD:40 - Cleanup!
2020-03-20 02:11:28,573  INFO [main] SharedSD:41 - Test completed!
2020-03-20 02:11:28,573  INFO [main] SharedSD:43 - ********************************
2020-03-20 02:19:08,461  INFO [main] SharedSD:22 - ******************************
2020-03-20 02:19:08,465  INFO [main] SharedSD:23 - Test setup!
2020-03-20 02:19:16,475 ERROR [main] SharedSD:35 - Test failed!
2020-03-20 02:19:17,051  INFO [main] SharedSD:43 - ********************************
2020-03-20 02:20:21,957  INFO [main] SharedSD:22 - ******************************
2020-03-20 02:20:21,961  INFO [main] SharedSD:23 - Test setup!
2020-03-20 02:20:29,444 ERROR [main] SharedSD:35 - Test failed!
2020-03-20 02:20:30,487  INFO [main] SharedSD:43 - ********************************
2020-03-20 02:27:52,719  INFO [main] SharedSD:22 - ******************************
2020-03-20 02:27:52,722  INFO [main] SharedSD:23 - Test setup!
2020-03-20 02:28:00,152  INFO [main] SharedSD:40 - Cleanup!
2020-03-20 02:28:00,152  INFO [main] SharedSD:41 - Test completed!
2020-03-20 02:28:00,152  INFO [main] SharedSD:43 - ********************************
2020-03-20 02:28:26,596  INFO [main] SharedSD:22 - ******************************
2020-03-20 02:28:26,599  INFO [main] SharedSD:23 - Test setup!
2020-03-20 02:28:33,537 ERROR [main] SharedSD:35 - Test failed!
2020-03-20 02:28:34,578  INFO [main] SharedSD:43 - ********************************
2020-03-20 02:46:30,046  INFO [main] SharedSD:20 - ******************************
2020-03-20 02:46:30,050  INFO [main] SharedSD:21 - Test setup!
2020-03-20 02:46:38,323  INFO [main] SharedSD:38 - Cleanup!
2020-03-20 02:46:38,323  INFO [main] SharedSD:39 - Test completed!
2020-03-20 02:46:38,323  INFO [main] SharedSD:41 - ********************************
2020-03-20 03:00:15,617  INFO [main] SharedSD:21 - ******************************
2020-03-20 03:00:15,622  INFO [main] SharedSD:22 - Test setup!
2020-03-20 03:00:26,133  INFO [main] SharedSD:39 - Cleanup!
2020-03-20 03:00:26,133  INFO [main] SharedSD:40 - Test completed!
2020-03-20 03:00:26,133  INFO [main] SharedSD:42 - ********************************
2020-03-20 03:01:26,256  INFO [main] SharedSD:21 - ******************************
2020-03-20 03:01:26,259  INFO [main] SharedSD:22 - Test setup!
2020-03-20 03:01:33,158 ERROR [main] SharedSD:34 - Test failed!
2020-03-20 03:02:32,238  INFO [main] SharedSD:21 - ******************************
2020-03-20 03:02:32,241  INFO [main] SharedSD:22 - Test setup!
2020-03-20 03:02:39,209 ERROR [main] SharedSD:34 - Test failed!
2020-03-20 03:03:42,770  INFO [main] SharedSD:21 - ******************************
2020-03-20 03:03:42,774  INFO [main] SharedSD:22 - Test setup!
2020-03-20 03:03:49,992 ERROR [main] SharedSD:34 - Test failed!
2020-03-20 03:03:51,051  INFO [main] SharedSD:42 - ********************************
